0 info it worked if it ends with ok
1 verbose cli [ 'C:\\Program Files\\nodejs\\node.exe',
1 verbose cli   'C:\\Program Files\\nodejs\\node_modules\\npm\\bin\\npm-cli.js',
1 verbose cli   'start' ]
2 info using npm@3.10.10
3 info using node@v6.11.2
4 verbose run-script [ 'prestart', 'start', 'poststart' ]
5 info lifecycle timetablegenerator@0.0.0~prestart: timetablegenerator@0.0.0
6 silly lifecycle timetablegenerator@0.0.0~prestart: no script for prestart, continuing
7 info lifecycle timetablegenerator@0.0.0~start: timetablegenerator@0.0.0
8 verbose lifecycle timetablegenerator@0.0.0~start: unsafe-perm in lifecycle true
9 verbose lifecycle timetablegenerator@0.0.0~start: PATH: C:\Program Files\nodejs\node_modules\npm\bin\node-gyp-bin;C:\Users\benge\TimetableGenerator\src\backend\node_modules\.bin;C:\Program Files\Python36;C:\Program Files (x86)\Intel\iCLS Client\;C:\Program Files\Intel\iCLS Client\;C:\Windows\system32;C:\Windows;C:\Windows\System32\Wbem;C:\Windows\System32\WindowsPowerShell\v1.0\;C:\Program Files (x86)\Intel\Intel(R) Management Engine Components\DAL;C:\Program Files\Intel\Intel(R) Management Engine Components\DAL;C:\Program Files (x86)\Intel\Intel(R) Management Engine Components\IPT;C:\Program Files\Intel\Intel(R) Management Engine Components\IPT;C:\Program Files (x86)\NVIDIA Corporation\PhysX\Common;C:\Program Files\doxygen\bin;C:\WINDOWS\system32;C:\WINDOWS;C:\WINDOWS\System32\Wbem;C:\WINDOWS\System32\WindowsPowerShell\v1.0\;C:\Program Files\release\bin;C:\MinGW\bin;C:\Program Files\MiKTeX 2.9;C:\Program Files\MiKTeX 2.9\miktex\bin\x64;C:\Program Files\MiKTeX 2.9\miktex\bin\x64\latex.exe;C:\Program Files\MiKTeX 2.9\miktex\bin\x64\luatex.exe;C:\Program Files\MiKTeX 2.9\miktex\bin\x64\pdflatex.exe;C:\Program Files\Java\jdk1.8.0_121\bin;C:\MinGW\msys\1.0\bin;C:\Program Files\Intel\WiFi\bin\;C:\Program Files\Common Files\Intel\WirelessCommon\;C:\Program Files\PuTTY\;C:\Program Files\nodejs\;C:\Program Files\Microsoft SQL Server\130\Tools\Binn\;C:\Program Files\dotnet\;C:\Program Files\Python36\Scripts;C:\Users\benge\AppData\Local\Microsoft\WindowsApps;C:\Program Files (x86)\SSH Communications Security\SSH Secure Shell;C:\Users\benge\AppData\Roaming\npm;C:\Users\benge\AppData\Local\GitHubDesktop\bin;C:\Program Files\Python36;
10 verbose lifecycle timetablegenerator@0.0.0~start: CWD: C:\Users\benge\TimetableGenerator\src\backend
11 silly lifecycle timetablegenerator@0.0.0~start: Args: [ '/d /s /c', 'start http://localhost:3000/ & node ./bin/www' ]
12 verbose stack Error: kill ENOSYS
12 verbose stack     at exports._errnoException (util.js:1020:11)
12 verbose stack     at process.kill (internal/process.js:190:13)
12 verbose stack     at process.listener (C:\Program Files\nodejs\node_modules\npm\node_modules\npmlog\node_modules\gauge\node_modules\signal-exit\index.js:86:15)
12 verbose stack     at emitNone (events.js:91:20)
12 verbose stack     at process.emit (events.js:185:7)
12 verbose stack     at processEmit (C:\Program Files\nodejs\node_modules\npm\node_modules\npmlog\node_modules\gauge\node_modules\signal-exit\index.js:146:32)
12 verbose stack     at processEmit (C:\Program Files\nodejs\node_modules\npm\node_modules\npm-registry-client\node_modules\npmlog\node_modules\gauge\node_modules\signal-exit\index.js:146:32)
12 verbose stack     at Signal.wrap.onsignal (internal/process.js:217:44)
13 verbose cwd C:\Users\benge\TimetableGenerator\src\backend
14 error Windows_NT 10.0.15063
15 error argv "C:\\Program Files\\nodejs\\node.exe" "C:\\Program Files\\nodejs\\node_modules\\npm\\bin\\npm-cli.js" "start"
16 error node v6.11.2
17 error npm  v3.10.10
18 error code ENOSYS
19 error errno ENOSYS
20 error syscall kill
21 error kill ENOSYS
22 error If you need help, you may report this error at:
22 error     <https://github.com/npm/npm/issues>
23 verbose exit [ 1, true ]
